<?xml version="1.0" encoding="UTF-8"?>
<!-- Generated by org.testng.reporters.JUnitReportReporter -->
<testsuite hostname="1333-MAPANMAC.local" failures="0" tests="1" name="runners.Runner" time="7.866" errors="0" timestamp="2023-02-20T02:34:28 WIB" skipped="0">
  <testcase classname="runners.Runner" name="runScenario" time="7.866"/>
</testsuite> <!-- runners.Runner -->
